Looking for a vaccine ...
Looking for a vaccine ...
Looking for a vaccine ...
Looking for a vaccine ...
Looking for a vaccine ...
Looking for a vaccine ...
Looking for a vaccine ...
Looking for a vaccine ...
Looking for a vaccine ...
Looking for a vaccine ...
Looking for a vaccine ...
Looking for a vaccine ...
Looking for a vaccine ...
Looking for a vaccine ...
Looking for a vaccine ...
Looking for a vaccine ...
Looking for a vaccine ...
Looking for a vaccine ...
Looking for a vaccine ...
Looking for a vaccine ...
Looking for a vaccine ...
Looking for a vaccine ...
Looking for a vaccine ...
Looking for a vaccine ...
Error: Navigation failed because browser has disconnected!
    at /Users/thomasalibert/Documents/payfit/dev/vaccine-bot/node_modules/puppeteer/lib/cjs/puppeteer/common/LifecycleWatcher.js:51:147
    at /Users/thomasalibert/Documents/payfit/dev/vaccine-bot/node_modules/puppeteer/lib/cjs/vendor/mitt/src/index.js:51:62
    at Array.map (<anonymous>)
    at Object.emit (/Users/thomasalibert/Documents/payfit/dev/vaccine-bot/node_modules/puppeteer/lib/cjs/vendor/mitt/src/index.js:51:43)
    at CDPSession.emit (/Users/thomasalibert/Documents/payfit/dev/vaccine-bot/node_modules/puppeteer/lib/cjs/puppeteer/common/EventEmitter.js:72:22)
    at CDPSession._onClosed (/Users/thomasalibert/Documents/payfit/dev/vaccine-bot/node_modules/puppeteer/lib/cjs/puppeteer/common/Connection.js:247:14)
    at Connection._onClose (/Users/thomasalibert/Documents/payfit/dev/vaccine-bot/node_modules/puppeteer/lib/cjs/puppeteer/common/Connection.js:128:21)
    at WebSocket.<anonymous> (/Users/thomasalibert/Documents/payfit/dev/vaccine-bot/node_modules/puppeteer/lib/cjs/puppeteer/node/NodeWebSocketTransport.js:17:30)
    at WebSocket.onClose (/Users/thomasalibert/Documents/payfit/dev/vaccine-bot/node_modules/ws/lib/event-target.js:136:16)
    at WebSocket.emit (events.js:315:20)
Looking for a vaccine ...
Looking for a vaccine ...
Looking for a vaccine ...
Looking for a vaccine ...
Looking for a vaccine ...
Vaccine found at Nogent-sur-Marne (94)
Found on page 4 of Doctolib's results
--------------------------------------
Vaccine found at Saint-Denis (93)
Found on page 6 of Doctolib's results
--------------------------------------
Looking for a vaccine ...
Vaccine found at Nogent-sur-Marne (94)
Found on page 4 of Doctolib's results
--------------------------------------
Looking for a vaccine ...
Looking for a vaccine ...
Vaccine found at Nogent-sur-Marne (94)
Found on page 4 of Doctolib's results
--------------------------------------
Looking for a vaccine ...
Looking for a vaccine ...
Vaccine found at Nogent-sur-Marne (94)
Found on page 8 of Doctolib's results
--------------------------------------
Looking for a vaccine ...
Looking for a vaccine ...
Looking for a vaccine ...
Looking for a vaccine ...
Looking for a vaccine ...
Looking for a vaccine ...
Looking for a vaccine ...
Looking for a vaccine ...
Looking for a vaccine ...
Vaccine found at Nogent-sur-Marne (94)
Found on page 4 of Doctolib's results
--------------------------------------
Looking for a vaccine ...
Looking for a vaccine ...
Looking for a vaccine ...
Looking for a vaccine ...
Looking for a vaccine ...
Looking for a vaccine ...
Looking for a vaccine ...
Looking for a vaccine ...
Looking for a vaccine ...
Looking for a vaccine ...
Looking for a vaccine ...
Looking for a vaccine ...
Looking for a vaccine ...
Looking for a vaccine ...
Vaccine found at Saint-Denis (93)
Found on page 4 of Doctolib's results
--------------------------------------
Looking for a vaccine ...
Looking for a vaccine ...
Looking for a vaccine ...
Vaccine found at Bobigny (93)
Found on page 4 of Doctolib's results
--------------------------------------
Looking for a vaccine ...
Looking for a vaccine ...
Looking for a vaccine ...
Looking for a vaccine ...
Looking for a vaccine ...
Looking for a vaccine ...
Looking for a vaccine ...
Looking for a vaccine ...
Looking for a vaccine ...
Looking for a vaccine ...
Looking for a vaccine ...
Vaccine found at Montigny-le-Bretonneux (78)
Found on page 4 of Doctolib's results
--------------------------------------
Looking for a vaccine ...
Looking for a vaccine ...
Looking for a vaccine ...
Vaccine found at Nogent-sur-Marne (94)
Found on page 4 of Doctolib's results
--------------------------------------
Looking for a vaccine ...
Vaccine found at Levallois-Perret (92)
Found on page 4 of Doctolib's results
--------------------------------------
Looking for a vaccine ...
Vaccine found at Bobigny (93)
Found on page 4 of Doctolib's results
--------------------------------------
Looking for a vaccine ...
Vaccine found at Levallois-Perret (92)
Found on page 4 of Doctolib's results
--------------------------------------
Looking for a vaccine ...
Looking for a vaccine ...
Looking for a vaccine ...
Looking for a vaccine ...
Looking for a vaccine ...
Looking for a vaccine ...
Looking for a vaccine ...
Looking for a vaccine ...
Looking for a vaccine ...
Looking for a vaccine ...
Looking for a vaccine ...
Looking for a vaccine ...
Looking for a vaccine ...
Looking for a vaccine ...
Looking for a vaccine ...
Looking for a vaccine ...
Looking for a vaccine ...
Vaccine found at Clamart (92)
Found on page 4 of Doctolib's results
--------------------------------------
Looking for a vaccine ...
Error: Navigation failed because browser has disconnected!
    at /Users/thomasalibert/Documents/payfit/dev/vaccine-bot/node_modules/puppeteer/lib/cjs/puppeteer/common/LifecycleWatcher.js:51:147
    at /Users/thomasalibert/Documents/payfit/dev/vaccine-bot/node_modules/puppeteer/lib/cjs/vendor/mitt/src/index.js:51:62
    at Array.map (<anonymous>)
    at Object.emit (/Users/thomasalibert/Documents/payfit/dev/vaccine-bot/node_modules/puppeteer/lib/cjs/vendor/mitt/src/index.js:51:43)
    at CDPSession.emit (/Users/thomasalibert/Documents/payfit/dev/vaccine-bot/node_modules/puppeteer/lib/cjs/puppeteer/common/EventEmitter.js:72:22)
    at CDPSession._onClosed (/Users/thomasalibert/Documents/payfit/dev/vaccine-bot/node_modules/puppeteer/lib/cjs/puppeteer/common/Connection.js:247:14)
    at Connection._onClose (/Users/thomasalibert/Documents/payfit/dev/vaccine-bot/node_modules/puppeteer/lib/cjs/puppeteer/common/Connection.js:128:21)
    at WebSocket.<anonymous> (/Users/thomasalibert/Documents/payfit/dev/vaccine-bot/node_modules/puppeteer/lib/cjs/puppeteer/node/NodeWebSocketTransport.js:17:30)
    at WebSocket.onClose (/Users/thomasalibert/Documents/payfit/dev/vaccine-bot/node_modules/ws/lib/event-target.js:136:16)
    at WebSocket.emit (events.js:315:20)
